<?xml version="1.0" encoding="UTF-8"?>
<!-- Generated by org.testng.reporters.JUnitReportReporter -->
<testsuite hostname="LAP-PF1T35X1" failures="0" tests="3" name="com.crm.qa.test.HomePageTest" time="31.860" errors="0" timestamp="07 Aug 2022 14:53:20 GMT" skipped="0">
  <testcase classname="com.crm.qa.test.HomePageTest" name="verifyHomePageTitle" time="9.420"/>
  <testcase classname="com.crm.qa.test.HomePageTest" name="verifyUsername" time="10.974"/>
  <testcase classname="com.crm.qa.test.HomePageTest" name="verifyContactLinkTest" time="11.466"/>
</testsuite> <!-- com.crm.qa.test.HomePageTest -->
