<?xml version="1.0" encoding="UTF-8"?>
<!-- Generated by org.testng.reporters.JUnitReportReporter -->
<testsuite hostname="LAP-PF1T35X1" failures="0" tests="2" name="com.crm.qa.test.LoginTest" time="18.518" errors="0" timestamp="09 Aug 2022 13:29:45 GMT" skipped="0">
  <testcase classname="com.crm.qa.test.LoginTest" name="firstPageTitleTest" time="5.578"/>
  <testcase classname="com.crm.qa.test.LoginTest" name="loginTest" time="12.940"/>
</testsuite> <!-- com.crm.qa.test.LoginTest -->
