<?xml version="1.0" encoding="UTF-8"?>
<!-- Generated by org.testng.reporters.JUnitReportReporter -->
<testsuite hostname="LAP-PF1T35X1" failures="0" tests="2" name="com.crm.qa.test.LoginTest" time="19.999" errors="0" timestamp="07 Aug 2022 14:53:20 GMT" skipped="0">
  <testcase classname="com.crm.qa.test.LoginTest" name="firstPageTitleTest" time="9.175"/>
  <testcase classname="com.crm.qa.test.LoginTest" name="loginTest" time="10.824"/>
</testsuite> <!-- com.crm.qa.test.LoginTest -->
