<?xml version="1.0" encoding="UTF-8"?>
<!-- Generated by org.testng.reporters.JUnitReportReporter -->
<testsuite hostname="LAP-PF1T35X1" failures="0" tests="2" name="com.crm.qa.test.HomePageTest" time="23.274" errors="0" timestamp="05 Aug 2022 07:00:05 GMT" skipped="0">
  <testcase classname="com.crm.qa.test.HomePageTest" name="verifyUsername" time="12.336"/>
  <testcase classname="com.crm.qa.test.HomePageTest" name="verifyHomePageTitle" time="10.938"/>
</testsuite> <!-- com.crm.qa.test.HomePageTest -->
