<?xml version="1.0" encoding="UTF-8"?>
<!-- Generated by org.testng.reporters.JUnitReportReporter -->
<testsuite hostname="LAP-PF1T35X1" failures="0" tests="2" name="com.crm.qa.test.LoginTest" time="22.714" errors="0" timestamp="06 Aug 2022 06:35:51 GMT" skipped="0">
  <testcase classname="com.crm.qa.test.LoginTest" name="firstPageTitleTest" time="7.204"/>
  <testcase classname="com.crm.qa.test.LoginTest" name="loginTest" time="15.510"/>
</testsuite> <!-- com.crm.qa.test.LoginTest -->
