<?xml version="1.0" encoding="UTF-8"?>
<!-- Generated by org.testng.reporters.JUnitReportReporter -->
<testsuite hostname="LAP-PF1T35X1" failures="0" tests="3" name="com.crm.qa.test.HomePageTest" time="51.707" errors="0" timestamp="06 Aug 2022 06:39:50 GMT" skipped="0">
  <testcase classname="com.crm.qa.test.HomePageTest" name="verifyHomePageTitle" time="17.419"/>
  <testcase classname="com.crm.qa.test.HomePageTest" name="verifyUsername" time="17.235"/>
  <testcase classname="com.crm.qa.test.HomePageTest" name="verifyContactLinkTest" time="17.053"/>
</testsuite> <!-- com.crm.qa.test.HomePageTest -->
