<?xml version="1.0" encoding="UTF-8"?>
<!-- Generated by org.testng.reporters.JUnitReportReporter -->
<testsuite hostname="LAP-PF1T35X1" failures="0" tests="1" name="com.crm.qa.test.ContactsPageTest" time="17.805" errors="0" timestamp="06 Aug 2022 11:40:08 GMT" skipped="0">
  <testcase classname="com.crm.qa.test.ContactsPageTest" name="selectContactsCheckbox" time="17.805"/>
</testsuite> <!-- com.crm.qa.test.ContactsPageTest -->
