<?xml version="1.0" encoding="UTF-8"?>
<!-- Generated by org.testng.reporters.JUnitReportReporter -->
<testsuite hostname="LAP-PF1T35X1" failures="0" tests="2" name="com.crm.qa.test.LoginTest" time="40.702" errors="0" timestamp="04 Aug 2022 16:46:43 GMT" skipped="0">
  <testcase classname="com.crm.qa.test.LoginTest" name="firstPageTitleTest" time="15.967"/>
  <testcase classname="com.crm.qa.test.LoginTest" name="loginTest" time="24.735"/>
</testsuite> <!-- com.crm.qa.test.LoginTest -->
